<?xml version="1.0" encoding="UTF-8"?>
<!-- Generated by org.testng.reporters.JUnitReportReporter -->
<testsuite skipped="0" hostname="DTBLR01LP21" name="com.actitime.testcases.TaskPageTest" tests="1" failures="0" timestamp="17 May 2023 10:59:57 GMT" time="4.117" errors="0">
  <testcase name="scrollTest" time="4.117" classname="com.actitime.testcases.TaskPageTest"/>
</testsuite> <!-- com.actitime.testcases.TaskPageTest -->
