<?xml version="1.0" encoding="UTF-8"?>
<!-- Generated by org.testng.reporters.JUnitReportReporter -->
<testsuite skipped="0" hostname="DTBLR01LP21" name="com.actitime.testcases.HomePageTest" tests="1" failures="0" timestamp="17 May 2023 08:49:37 GMT" time="54.805" errors="0">
  <testcase name="capacityPlanningTest" time="54.805" classname="com.actitime.testcases.HomePageTest"/>
</testsuite> <!-- com.actitime.testcases.HomePageTest -->
